[16:59:36] [Paper Plugin Remapper Thread - 1/INFO]: [ReobfServer] Remapping server...
[16:59:45] [Paper Plugin Remapper Thread - 1/INFO]: [ReobfServer] Done remapping server in 9061ms.
[16:59:45] [Paper Plugin Remapper Thread - 2/INFO]: [PluginRemapper] Remapping plugin 'plugins/via.jar'...
[16:59:45] [Paper Plugin Remapper Thread - 4/INFO]: [PluginRemapper] Remapping plugin 'plugins/ViaVersion-4.8.1.jar'...
[16:59:45] [Paper Plugin Remapper Thread - 3/INFO]: [PluginRemapper] Remapping plugin 'plugins/ViaBackwards-4.8.1.jar'...
[16:59:45] [Paper Plugin Remapper Thread - 2/INFO]: [PluginRemapper] Done remapping plugin 'plugins/via.jar' in 303ms.
[16:59:45] [Paper Plugin Remapper Thread - 3/INFO]: [PluginRemapper] Done remapping plugin 'plugins/ViaBackwards-4.8.1.jar' in 565ms.
[16:59:46] [Paper Plugin Remapper Thread - 4/INFO]: [PluginRemapper] Done remapping plugin 'plugins/ViaVersion-4.8.1.jar' in 1521ms.
[16:59:46] [ServerMain/ERROR]: [DirectoryProviderSource] Error loading plugin: java.lang.IllegalArgumentException: Directory 'plugins/.paper-remapped/via.jar' does not contain a paper-plugin.yml or plugin.yml! Could not determine plugin type, cannot load a plugin from it!
java.lang.RuntimeException: java.lang.IllegalArgumentException: Directory 'plugins/.paper-remapped/via.jar' does not contain a paper-plugin.yml or plugin.yml! Could not determine plugin type, cannot load a plugin from it!
	at io.papermc.paper.plugin.provider.source.FileProviderSource.registerProviders(FileProviderSource.java:81) ~[paper-1.20.6.jar:1.20.6-137-bd5867a]
	at io.papermc.paper.plugin.provider.source.DirectoryProviderSource.registerProviders(DirectoryProviderSource.java:52) ~[paper-1.20.6.jar:1.20.6-137-bd5867a]
	at io.papermc.paper.plugin.provider.source.DirectoryProviderSource.registerProviders(DirectoryProviderSource.java:17) ~[paper-1.20.6.jar:1.20.6-137-bd5867a]
	at io.papermc.paper.plugin.util.EntrypointUtil.registerProvidersFromSource(EntrypointUtil.java:15) ~[paper-1.20.6.jar:1.20.6-137-bd5867a]
	at io.papermc.paper.plugin.PluginInitializerManager.load(PluginInitializerManager.java:109) ~[paper-1.20.6.jar:1.20.6-137-bd5867a]
	at net.minecraft.server.Main.main(Main.java:122) ~[paper-1.20.6.jar:1.20.6-137-bd5867a]
	at org.bukkit.craftbukkit.Main.main(Main.java:328) ~[paper-1.20.6.jar:1.20.6-137-bd5867a]
	at io.papermc.paperclip.Paperclip.lambda$main$0(Paperclip.java:42) ~[app:?]
	at java.base/java.lang.Thread.run(Thread.java:1583) ~[?:?]
Caused by: java.lang.IllegalArgumentException: Directory 'plugins/.paper-remapped/via.jar' does not contain a paper-plugin.yml or plugin.yml! Could not determine plugin type, cannot load a plugin from it!
	... 9 more
[16:59:53] [ServerMain/INFO]: Environment: Environment[sessionHost=https://sessionserver.mojang.com, servicesHost=https://api.minecraftservices.com, name=PROD]
[16:59:53] [ServerMain/INFO]: Found new data pack file/bukkit, loading it automatically
[16:59:53] [ServerMain/INFO]: Found new data pack paper, loading it automatically
[16:59:54] [ServerMain/INFO]: No existing world data, creating new world
[16:59:55] [ServerMain/INFO]: Loaded 1175 recipes
[16:59:56] [ServerMain/INFO]: Loaded 1276 advancements
[16:59:56] [Server thread/INFO]: Starting minecraft server version 1.20.6
[16:59:56] [Server thread/INFO]: Loading properties
[16:59:56] [Server thread/INFO]: This server is running Paper version 1.20.6-137-master@bd5867a (2024-06-04T21:04:28Z) (Implementing API version 1.20.6-R0.1-SNAPSHOT)
[16:59:57] [Server thread/INFO]: Server Ping Player Sample Count: 12
[16:59:57] [Server thread/INFO]: Using 4 threads for Netty based IO
[16:59:58] [Server thread/INFO]: [ChunkTaskScheduler] Chunk system is using 1 I/O threads, 1 worker threads, and gen parallelism of 1 threads
[16:59:58] [Server thread/WARN]: [!] The timings profiler has been enabled but has been scheduled for removal from Paper in the future.
    We recommend installing the spark profiler as a replacement: https://spark.lucko.me/
    For more information please visit: https://github.com/PaperMC/Paper/issues/8948
[16:59:59] [Server thread/INFO]: Default game type: SURVIVAL
[16:59:59] [Server thread/INFO]: Generating keypair
[16:59:59] [Server thread/INFO]: Starting Minecraft server on *:25565
[16:59:59] [Server thread/INFO]: Using epoll channel type
[16:59:59] [Server thread/INFO]: Paper: Using libdeflate (Linux x86_64) compression from Velocity.
[16:59:59] [Server thread/INFO]: Paper: Using OpenSSL 1.1.x (Linux x86_64) cipher from Velocity.
[16:59:59] [Server thread/INFO]: [ViaVersion] Loading server plugin ViaVersion v4.8.1
[16:59:59] [Server thread/INFO]: [ViaVersion] ViaVersion 4.8.1 is now loaded. Registering protocol transformers and injecting...
[17:00:01] [Via-Mappingloader-0/INFO]: [ViaVersion] Loading block connection mappings ...
[17:00:02] [Via-Mappingloader-0/INFO]: [ViaVersion] Using FastUtil Long2ObjectOpenHashMap for block connections
[17:00:03] [Server thread/INFO]: [ViaBackwards] Loading translations...
[17:00:03] [Server thread/INFO]: [ViaBackwards] Registering protocols...
[17:00:05] [Server thread/INFO]: [ViaBackwards] Loading server plugin ViaBackwards v4.8.1
[17:00:05] [Server thread/INFO]: Server permissions file permissions.yml is empty, ignoring it
[17:00:05] [Server thread/WARN]: **** SERVER IS RUNNING IN OFFLINE/INSECURE MODE!
[17:00:05] [Server thread/WARN]: The server will make no attempt to authenticate usernames. Beware.
[17:00:05] [Server thread/WARN]: While this makes the game possible to play without internet access, it also opens up the ability for hackers to connect with any username they choose.
[17:00:05] [Server thread/WARN]: To change this, set "online-mode" to "true" in the server.properties file.
[17:00:05] [Server thread/INFO]: Preparing level "world"
[17:00:05] [Server thread/INFO]: -------- World Settings For [world] --------
[17:00:05] [Server thread/INFO]: View Distance: 10
[17:00:05] [Server thread/INFO]: Simulation Distance: 10
[17:00:05] [Server thread/INFO]: Item Merge Radius: 2.5
[17:00:05] [Server thread/INFO]: Experience Merge Radius: 3.0
[17:00:05] [Server thread/INFO]: Mob Spawn Range: 6
[17:00:05] [Server thread/INFO]: Item Despawn Rate: 6000
[17:00:05] [Server thread/INFO]: Arrow Despawn Rate: 1200 Trident Respawn Rate:1200
[17:00:05] [Server thread/INFO]: Zombie Aggressive Towards Villager: true
[17:00:05] [Server thread/INFO]: Nerfing mobs spawned from spawners: false
[17:00:05] [Server thread/INFO]: Allow Zombie Pigmen to spawn from portal blocks: true
[17:00:05] [Server thread/INFO]: Cactus Growth Modifier: 100%
[17:00:05] [Server thread/INFO]: Cane Growth Modifier: 100%
[17:00:05] [Server thread/INFO]: Melon Growth Modifier: 100%
[17:00:05] [Server thread/INFO]: Mushroom Growth Modifier: 100%
[17:00:05] [Server thread/INFO]: Pumpkin Growth Modifier: 100%
[17:00:05] [Server thread/INFO]: Sapling Growth Modifier: 100%
[17:00:05] [Server thread/INFO]: Beetroot Growth Modifier: 100%
[17:00:05] [Server thread/INFO]: Carrot Growth Modifier: 100%
[17:00:05] [Server thread/INFO]: Potato Growth Modifier: 100%
[17:00:05] [Server thread/INFO]: TorchFlower Growth Modifier: 100%
[17:00:05] [Server thread/INFO]: Wheat Growth Modifier: 100%
[17:00:05] [Server thread/INFO]: NetherWart Growth Modifier: 100%
[17:00:05] [Server thread/INFO]: Vine Growth Modifier: 100%
[17:00:05] [Server thread/INFO]: Cocoa Growth Modifier: 100%
[17:00:05] [Server thread/INFO]: Bamboo Growth Modifier: 100%
[17:00:05] [Server thread/INFO]: SweetBerry Growth Modifier: 100%
[17:00:05] [Server thread/INFO]: Kelp Growth Modifier: 100%
[17:00:05] [Server thread/INFO]: TwistingVines Growth Modifier: 100%
[17:00:05] [Server thread/INFO]: WeepingVines Growth Modifier: 100%
[17:00:05] [Server thread/INFO]: CaveVines Growth Modifier: 100%
[17:00:05] [Server thread/INFO]: GlowBerry Growth Modifier: 100%
[17:00:05] [Server thread/INFO]: PitcherPlant Growth Modifier: 100%
[17:00:05] [Server thread/INFO]: Entity Activation Range: An 32 / Mo 32 / Ra 48 / Mi 16 / Tiv true / Isa false
[17:00:05] [Server thread/INFO]: Entity Tracking Range: Pl 48 / An 48 / Mo 48 / Mi 32 / Di 128 / Other 64
[17:00:05] [Server thread/INFO]: Hopper Transfer: 8 Hopper Check: 1 Hopper Amount: 1 Hopper Can Load Chunks: false
[17:00:05] [Server thread/INFO]: Custom Map Seeds:  Village: 10387312 Desert: 14357617 Igloo: 14357618 Jungle: 14357619 Swamp: 14357620 Monument: 10387313 Ocean: 14357621 Shipwreck: 165745295 End City: 10387313 Slime: 987234911 Nether: 30084232 Mansion: 10387319 Fossil: 14357921 Portal: 34222645
[17:00:05] [Server thread/INFO]: Max TNT Explosions: 100
[17:00:05] [Server thread/INFO]: Tile Max Tick Time: 50ms Entity max Tick Time: 50ms
[17:00:20] [Server thread/INFO]: -------- World Settings For [world_nether] --------
[17:00:20] [Server thread/INFO]: View Distance: 10
[17:00:20] [Server thread/INFO]: Simulation Distance: 10
[17:00:20] [Server thread/INFO]: Item Merge Radius: 2.5
[17:00:20] [Server thread/INFO]: Experience Merge Radius: 3.0
[17:00:20] [Server thread/INFO]: Mob Spawn Range: 6
[17:00:20] [Server thread/INFO]: Item Despawn Rate: 6000
[17:00:20] [Server thread/INFO]: Arrow Despawn Rate: 1200 Trident Respawn Rate:1200
[17:00:20] [Server thread/INFO]: Zombie Aggressive Towards Villager: true
[17:00:20] [Server thread/INFO]: Nerfing mobs spawned from spawners: false
[17:00:20] [Server thread/INFO]: Allow Zombie Pigmen to spawn from portal blocks: true
[17:00:20] [Server thread/INFO]: Cactus Growth Modifier: 100%
[17:00:20] [Server thread/INFO]: Cane Growth Modifier: 100%
[17:00:20] [Server thread/INFO]: Melon Growth Modifier: 100%
[17:00:20] [Server thread/INFO]: Mushroom Growth Modifier: 100%
[17:00:20] [Server thread/INFO]: Pumpkin Growth Modifier: 100%
[17:00:20] [Server thread/INFO]: Sapling Growth Modifier: 100%
[17:00:20] [Server thread/INFO]: Beetroot Growth Modifier: 100%
[17:00:20] [Server thread/INFO]: Carrot Growth Modifier: 100%
[17:00:20] [Server thread/INFO]: Potato Growth Modifier: 100%
[17:00:20] [Server thread/INFO]: TorchFlower Growth Modifier: 100%
[17:00:20] [Server thread/INFO]: Wheat Growth Modifier: 100%
[17:00:20] [Server thread/INFO]: NetherWart Growth Modifier: 100%
[17:00:20] [Server thread/INFO]: Vine Growth Modifier: 100%
[17:00:20] [Server thread/INFO]: Cocoa Growth Modifier: 100%
[17:00:20] [Server thread/INFO]: Bamboo Growth Modifier: 100%
[17:00:20] [Server thread/INFO]: SweetBerry Growth Modifier: 100%
[17:00:20] [Server thread/INFO]: Kelp Growth Modifier: 100%
[17:00:20] [Server thread/INFO]: TwistingVines Growth Modifier: 100%
[17:00:20] [Server thread/INFO]: WeepingVines Growth Modifier: 100%
[17:00:20] [Server thread/INFO]: CaveVines Growth Modifier: 100%
[17:00:20] [Server thread/INFO]: GlowBerry Growth Modifier: 100%
[17:00:20] [Server thread/INFO]: PitcherPlant Growth Modifier: 100%
[17:00:20] [Server thread/INFO]: Entity Activation Range: An 32 / Mo 32 / Ra 48 / Mi 16 / Tiv true / Isa false
[17:00:20] [Server thread/INFO]: Entity Tracking Range: Pl 48 / An 48 / Mo 48 / Mi 32 / Di 128 / Other 64
[17:00:20] [Server thread/INFO]: Hopper Transfer: 8 Hopper Check: 1 Hopper Amount: 1 Hopper Can Load Chunks: false
[17:00:20] [Server thread/INFO]: Custom Map Seeds:  Village: 10387312 Desert: 14357617 Igloo: 14357618 Jungle: 14357619 Swamp: 14357620 Monument: 10387313 Ocean: 14357621 Shipwreck: 165745295 End City: 10387313 Slime: 987234911 Nether: 30084232 Mansion: 10387319 Fossil: 14357921 Portal: 34222645
[17:00:20] [Server thread/INFO]: Max TNT Explosions: 100
[17:00:20] [Server thread/INFO]: Tile Max Tick Time: 50ms Entity max Tick Time: 50ms
[17:00:23] [Server thread/INFO]: -------- World Settings For [world_the_end] --------
[17:00:23] [Server thread/INFO]: View Distance: 10
[17:00:23] [Server thread/INFO]: Simulation Distance: 10
[17:00:23] [Server thread/INFO]: Item Merge Radius: 2.5
[17:00:23] [Server thread/INFO]: Experience Merge Radius: 3.0
[17:00:23] [Server thread/INFO]: Mob Spawn Range: 6
[17:00:23] [Server thread/INFO]: Item Despawn Rate: 6000
[17:00:23] [Server thread/INFO]: Arrow Despawn Rate: 1200 Trident Respawn Rate:1200
[17:00:23] [Server thread/INFO]: Zombie Aggressive Towards Villager: true
[17:00:23] [Server thread/INFO]: Nerfing mobs spawned from spawners: false
[17:00:23] [Server thread/INFO]: Allow Zombie Pigmen to spawn from portal blocks: true
[17:00:23] [Server thread/INFO]: Cactus Growth Modifier: 100%
[17:00:23] [Server thread/INFO]: Cane Growth Modifier: 100%
[17:00:23] [Server thread/INFO]: Melon Growth Modifier: 100%
[17:00:23] [Server thread/INFO]: Mushroom Growth Modifier: 100%
[17:00:23] [Server thread/INFO]: Pumpkin Growth Modifier: 100%
[17:00:23] [Server thread/INFO]: Sapling Growth Modifier: 100%
[17:00:23] [Server thread/INFO]: Beetroot Growth Modifier: 100%
[17:00:23] [Server thread/INFO]: Carrot Growth Modifier: 100%
[17:00:23] [Server thread/INFO]: Potato Growth Modifier: 100%
[17:00:23] [Server thread/INFO]: TorchFlower Growth Modifier: 100%
[17:00:23] [Server thread/INFO]: Wheat Growth Modifier: 100%
[17:00:23] [Server thread/INFO]: NetherWart Growth Modifier: 100%
[17:00:23] [Server thread/INFO]: Vine Growth Modifier: 100%
[17:00:23] [Server thread/INFO]: Cocoa Growth Modifier: 100%
[17:00:23] [Server thread/INFO]: Bamboo Growth Modifier: 100%
[17:00:23] [Server thread/INFO]: SweetBerry Growth Modifier: 100%
[17:00:23] [Server thread/INFO]: Kelp Growth Modifier: 100%
[17:00:23] [Server thread/INFO]: TwistingVines Growth Modifier: 100%
[17:00:23] [Server thread/INFO]: WeepingVines Growth Modifier: 100%
[17:00:23] [Server thread/INFO]: CaveVines Growth Modifier: 100%
[17:00:23] [Server thread/INFO]: GlowBerry Growth Modifier: 100%
[17:00:23] [Server thread/INFO]: PitcherPlant Growth Modifier: 100%
[17:00:23] [Server thread/INFO]: Entity Activation Range: An 32 / Mo 32 / Ra 48 / Mi 16 / Tiv true / Isa false
[17:00:23] [Server thread/INFO]: Entity Tracking Range: Pl 48 / An 48 / Mo 48 / Mi 32 / Di 128 / Other 64
[17:00:23] [Server thread/INFO]: Hopper Transfer: 8 Hopper Check: 1 Hopper Amount: 1 Hopper Can Load Chunks: false
[17:00:23] [Server thread/INFO]: Custom Map Seeds:  Village: 10387312 Desert: 14357617 Igloo: 14357618 Jungle: 14357619 Swamp: 14357620 Monument: 10387313 Ocean: 14357621 Shipwreck: 165745295 End City: 10387313 Slime: 987234911 Nether: 30084232 Mansion: 10387319 Fossil: 14357921 Portal: 34222645
[17:00:23] [Server thread/INFO]: Max TNT Explosions: 100
[17:00:23] [Server thread/INFO]: Tile Max Tick Time: 50ms Entity max Tick Time: 50ms
[17:00:24] [Server thread/INFO]: Preparing start region for dimension minecraft:overworld
[17:00:36] [Server thread/INFO]: Time elapsed: 12027 ms
[17:00:36] [Server thread/INFO]: Preparing start region for dimension minecraft:the_nether
[17:00:39] [Server thread/INFO]: Time elapsed: 3405 ms
[17:00:39] [Server thread/INFO]: Preparing start region for dimension minecraft:the_end
[17:00:40] [Server thread/INFO]: Time elapsed: 943 ms
[17:00:40] [Server thread/INFO]: [ViaVersion] Enabling ViaVersion v4.8.1
[17:00:40] [Server thread/INFO]: [ViaVersion] ViaVersion detected server version: Unknown (766) (766)
[17:00:40] [Server thread/WARN]: [ViaVersion] ViaVersion does not have any compatible versions for this server version!
[17:00:40] [Server thread/WARN]: [ViaVersion] Please remember that ViaVersion only adds support for versions newer than the server version.
[17:00:40] [Server thread/WARN]: [ViaVersion] If you need support for older versions you may need to use one or more ViaVersion addons too.
[17:00:40] [Server thread/WARN]: [ViaVersion] In that case please read the ViaVersion resource page carefully or use https://jo0001.github.io/ViaSetup
[17:00:40] [Server thread/WARN]: [ViaVersion] and if you're still unsure, feel free to join our Discord-Server for further assistance.
[17:00:40] [Server thread/INFO]: [ViaBackwards] Enabling ViaBackwards v4.8.1
[17:00:40] [Server thread/INFO]: Running delayed init tasks
[17:00:40] [Server thread/INFO]: Done (44.029s)! For help, type "help"
[17:00:40] [Server thread/INFO]: *************************************************************************************
[17:00:40] [Server thread/INFO]: This is the first time you're starting this server.
[17:00:40] [Server thread/INFO]: It's recommended you read our 'Getting Started' documentation for guidance.
[17:00:40] [Server thread/INFO]: View this and more helpful information here: https://docs.papermc.io/paper/next-steps
[17:00:40] [Server thread/INFO]: *************************************************************************************
[17:00:40] [Server thread/INFO]: Timings Reset
[17:00:40] [Craft Scheduler Thread - 5 - ViaVersion/INFO]: [ViaVersion] Finished mapping loading, shutting down loader executor!
[17:00:41] [Server thread/WARN]: [ViaVersion] There is a newer plugin version available: 4.10.2, you're on: 4.8.1
[17:01:49] [Server thread/INFO]: Stopping the server
[17:01:49] [Server thread/INFO]: Stopping server
[17:01:49] [Server thread/INFO]: [ViaBackwards] Disabling ViaBackwards v4.8.1
[17:01:49] [Server thread/INFO]: [ViaVersion] Disabling ViaVersion v4.8.1
[17:01:49] [Server thread/INFO]: [ViaVersion] ViaVersion is disabling, if this is a reload and you experience issues consider rebooting.
[17:01:49] [Server thread/INFO]: Saving players
[17:01:49] [Server thread/INFO]: Saving worlds
[17:01:49] [Server thread/INFO]: Saving chunks for level 'ServerLevel[world]'/minecraft:overworld
[17:01:49] [Server thread/INFO]: [ChunkHolderManager] Waiting 60s for chunk system to halt for world 'world'
[17:01:49] [Server thread/INFO]: [ChunkHolderManager] Halted chunk system for world 'world'
[17:01:49] [Server thread/INFO]: [ChunkHolderManager] Saving all chunkholders for world 'world'
[17:01:51] [Server thread/INFO]: [ChunkHolderManager] Saved 841 block chunks, 49 entity chunks, 0 poi chunks in world 'world' in 1.76s
[17:01:51] [Server thread/INFO]: ThreadedAnvilChunkStorage (world): All chunks are saved
[17:01:51] [Server thread/INFO]: Saving chunks for level 'ServerLevel[world_nether]'/minecraft:the_nether
[17:01:51] [Server thread/INFO]: [ChunkHolderManager] Waiting 60s for chunk system to halt for world 'world_nether'
[17:01:51] [Server thread/INFO]: [ChunkHolderManager] Halted chunk system for world 'world_nether'
[17:01:51] [Server thread/INFO]: [ChunkHolderManager] Saving all chunkholders for world 'world_nether'
[17:01:52] [Server thread/INFO]: [ChunkHolderManager] Saved 841 block chunks, 49 entity chunks, 0 poi chunks in world 'world_nether' in 0.93s
[17:01:52] [Server thread/INFO]: ThreadedAnvilChunkStorage (DIM-1): All chunks are saved
[17:01:52] [Server thread/INFO]: Saving chunks for level 'ServerLevel[world_the_end]'/minecraft:the_end
[17:01:52] [Server thread/INFO]: [ChunkHolderManager] Waiting 60s for chunk system to halt for world 'world_the_end'
[17:01:52] [Server thread/INFO]: [ChunkHolderManager] Halted chunk system for world 'world_the_end'
[17:01:52] [Server thread/INFO]: [ChunkHolderManager] Saving all chunkholders for world 'world_the_end'
[17:01:53] [Server thread/INFO]: [ChunkHolderManager] Saved 841 block chunks, 49 entity chunks, 0 poi chunks in world 'world_the_end' in 0.68s
[17:01:53] [Server thread/INFO]: ThreadedAnvilChunkStorage (DIM1): All chunks are saved
[17:01:53] [Server thread/INFO]: ThreadedAnvilChunkStorage: All dimensions are saved
[17:01:53] [Server thread/INFO]: Flushing Chunk IO
[17:01:53] [Server thread/INFO]: Closing Thread Pool
[17:01:53] [Server thread/INFO]: Closing Server
